[     291ms] [INFO] Images loaded lazily and replaced with placeholders. Load events are deferred. See https://go.microsoft.com/fwlink/?linkid=2048113 @ http://localhost:4323/metodo:2722
[  472227ms] [ERROR] WebSocket connection to 'ws://localhost:4323/?token=RB_5Ou2GnGkw' failed: Error during WebSocket handshake: net::ERR_CONNECTION_RESET @ http://localhost:4323/@vite/client:1478
[  472404ms] [ERROR] WebSocket connection to 'ws://localhost:4321/?token=RB_5Ou2GnGkw' failed: Error during WebSocket handshake: Unexpected response code: 400 @ http://localhost:4323/@vite/client:1488
[  472404ms] [ERROR] [vite] failed to connect to websocket.
your current setup:
  (browser) localhost:4323/ <--[HTTP]--> localhost:4321/ (server)
  (browser) localhost:4323/ <--[WebSocket (failing)]--> localhost:4321/ (server)
Check out your Vite / network configuration and https://vite.dev/config/server-options.html#server-hmr . @ http://localhost:4323/@vite/client:1498
[  472522ms] [ERROR] [vite] TypeError: Cannot read properties of undefined (reading 'send')
    at Object.send (http://localhost:4323/@vite/client:449:7)
    at Object.send (http://localhost:4323/@vite/client:1514:16)
    at Object.send (http://localhost:4323/@vite/client:318:23)
    at Object.send (http://localhost:4323/@vite/client:396:30)
    at HMRClient.send (http://localhost:4323/@vite/client:157:18)
    at HMRContext.send (http://localhost:4323/@vite/client:119:18)
    at AstroDevToolbar.setAppStatus (http://localhost:4323/node_modules/.vite/deps/toolbar-2H5PSQQU.js?v=f88a3a46:440:22)
    at http://localhost:4323/node_modules/.vite/deps/toolbar-2H5PSQQU.js?v=f88a3a46:302:18
    at Array.forEach (<anonymous>)
    at AstroDevToolbar.connectedCallback (http://localhost:4323/node_modules/.vite/deps/toolbar-2H5PSQQU.js?v=f88a3a46:301:15) @ http://localhost:4323/@vite/client:1542
[  472527ms] [ERROR] [vite] TypeError: Cannot read properties of undefined (reading 'send')
    at Object.send (http://localhost:4323/@vite/client:449:7)
    at Object.send (http://localhost:4323/@vite/client:1514:16)
    at Object.send (http://localhost:4323/@vite/client:318:23)
    at Object.send (http://localhost:4323/@vite/client:396:30)
    at HMRClient.send (http://localhost:4323/@vite/client:157:18)
    at HMRContext.send (http://localhost:4323/@vite/client:119:18)
    at AstroDevToolbar.setAppStatus (http://localhost:4323/node_modules/.vite/deps/toolbar-2H5PSQQU.js?v=f88a3a46:440:22)
    at http://localhost:4323/node_modules/.vite/deps/toolbar-2H5PSQQU.js?v=f88a3a46:302:18
    at Array.forEach (<anonymous>)
    at AstroDevToolbar.connectedCallback (http://localhost:4323/node_modules/.vite/deps/toolbar-2H5PSQQU.js?v=f88a3a46:301:15) @ http://localhost:4323/@vite/client:1542
[  472527ms] [ERROR] [vite] TypeError: Cannot read properties of undefined (reading 'send')
    at Object.send (http://localhost:4323/@vite/client:449:7)
    at Object.send (http://localhost:4323/@vite/client:1514:16)
    at Object.send (http://localhost:4323/@vite/client:318:23)
    at Object.send (http://localhost:4323/@vite/client:396:30)
    at HMRClient.send (http://localhost:4323/@vite/client:157:18)
    at HMRContext.send (http://localhost:4323/@vite/client:119:18)
    at AstroDevToolbar.setAppStatus (http://localhost:4323/node_modules/.vite/deps/toolbar-2H5PSQQU.js?v=f88a3a46:440:22)
    at http://localhost:4323/node_modules/.vite/deps/toolbar-2H5PSQQU.js?v=f88a3a46:302:18
    at Array.forEach (<anonymous>)
    at AstroDevToolbar.connectedCallback (http://localhost:4323/node_modules/.vite/deps/toolbar-2H5PSQQU.js?v=f88a3a46:301:15) @ http://localhost:4323/@vite/client:1542
[  472527ms] [ERROR] [vite] TypeError: Cannot read properties of undefined (reading 'send')
    at Object.send (http://localhost:4323/@vite/client:449:7)
    at Object.send (http://localhost:4323/@vite/client:1514:16)
    at Object.send (http://localhost:4323/@vite/client:318:23)
    at Object.send (http://localhost:4323/@vite/client:396:30)
    at HMRClient.send (http://localhost:4323/@vite/client:157:18)
    at HMRContext.send (http://localhost:4323/@vite/client:119:18)
    at AstroDevToolbar.setAppStatus (http://localhost:4323/node_modules/.vite/deps/toolbar-2H5PSQQU.js?v=f88a3a46:440:22)
    at http://localhost:4323/node_modules/.vite/deps/toolbar-2H5PSQQU.js?v=f88a3a46:302:18
    at Array.forEach (<anonymous>)
    at AstroDevToolbar.connectedCallback (http://localhost:4323/node_modules/.vite/deps/toolbar-2H5PSQQU.js?v=f88a3a46:301:15) @ http://localhost:4323/@vite/client:1542
[  472527ms] [ERROR] [vite] TypeError: Cannot read properties of undefined (reading 'send')
    at Object.send (http://localhost:4323/@vite/client:449:7)
    at Object.send (http://localhost:4323/@vite/client:1514:16)
    at Object.send (http://localhost:4323/@vite/client:318:23)
    at Object.send (http://localhost:4323/@vite/client:396:30)
    at HMRClient.send (http://localhost:4323/@vite/client:157:18)
    at HMRContext.send (http://localhost:4323/@vite/client:119:18)
    at AstroDevToolbar.setAppStatus (http://localhost:4323/node_modules/.vite/deps/toolbar-2H5PSQQU.js?v=f88a3a46:440:22)
    at http://localhost:4323/node_modules/.vite/deps/toolbar-2H5PSQQU.js?v=f88a3a46:302:18
    at Array.forEach (<anonymous>)
    at AstroDevToolbar.connectedCallback (http://localhost:4323/node_modules/.vite/deps/toolbar-2H5PSQQU.js?v=f88a3a46:301:15) @ http://localhost:4323/@vite/client:1542
[  472538ms] [ERROR] [vite] TypeError: Cannot read properties of undefined (reading 'send')
    at Object.send (http://localhost:4323/@vite/client:449:7)
    at Object.send (http://localhost:4323/@vite/client:1514:16)
    at Object.send (http://localhost:4323/@vite/client:318:23)
    at Object.send (http://localhost:4323/@vite/client:396:30)
    at HMRClient.send (http://localhost:4323/@vite/client:157:18)
    at HMRContext.send (http://localhost:4323/@vite/client:119:18)
    at AstroDevToolbar.initApp (http://localhost:4323/node_modules/.vite/deps/toolbar-2H5PSQQU.js?v=f88a3a46:355:25) @ http://localhost:4323/@vite/client:1542
[  472539ms] [ERROR] [vite] TypeError: Cannot read properties of undefined (reading 'send')
    at Object.send (http://localhost:4323/@vite/client:449:7)
    at Object.send (http://localhost:4323/@vite/client:1514:16)
    at Object.send (http://localhost:4323/@vite/client:318:23)
    at Object.send (http://localhost:4323/@vite/client:396:30)
    at HMRClient.send (http://localhost:4323/@vite/client:157:18)
    at HMRContext.send (http://localhost:4323/@vite/client:119:18)
    at AstroDevToolbar.initApp (http://localhost:4323/node_modules/.vite/deps/toolbar-2H5PSQQU.js?v=f88a3a46:355:25) @ http://localhost:4323/@vite/client:1542
[  472539ms] [ERROR] [vite] TypeError: Cannot read properties of undefined (reading 'send')
    at Object.send (http://localhost:4323/@vite/client:449:7)
    at Object.send (http://localhost:4323/@vite/client:1514:16)
    at Object.send (http://localhost:4323/@vite/client:318:23)
    at Object.send (http://localhost:4323/@vite/client:396:30)
    at HMRClient.send (http://localhost:4323/@vite/client:157:18)
    at HMRContext.send (http://localhost:4323/@vite/client:119:18)
    at AstroDevToolbar.initApp (http://localhost:4323/node_modules/.vite/deps/toolbar-2H5PSQQU.js?v=f88a3a46:355:25) @ http://localhost:4323/@vite/client:1542
[  472539ms] [ERROR] [vite] TypeError: Cannot read properties of undefined (reading 'send')
    at Object.send (http://localhost:4323/@vite/client:449:7)
    at Object.send (http://localhost:4323/@vite/client:1514:16)
    at Object.send (http://localhost:4323/@vite/client:318:23)
    at Object.send (http://localhost:4323/@vite/client:396:30)
    at HMRClient.send (http://localhost:4323/@vite/client:157:18)
    at HMRContext.send (http://localhost:4323/@vite/client:119:18)
    at AstroDevToolbar.initApp (http://localhost:4323/node_modules/.vite/deps/toolbar-2H5PSQQU.js?v=f88a3a46:355:25) @ http://localhost:4323/@vite/client:1542
[  475126ms] [ERROR] Failed to load resource: net::ERR_CONNECTION_REFUSED @ http://localhost:4323/@fs/C:/Users/nachocepa/RicardoCobo/RicardoCobo/src/assets/imgLogoRCExtendidoFuenteAzul.png?origWidth=194&origHeight=83&origFormat=png:0
[  475126ms] [ERROR] %cAstro background: linear-gradient(66.77deg, #D83333 0%, #F041FF 100%); color: white; padding-inline: 4px; border-radius: 2px; font-family: monospace; Error while running audit's match function: TypeError: Failed to fetch @ http://localhost:4323/node_modules/.vite/deps/chunk-LEX3GG7N.js?v=f88a3a46:22
[  475410ms] [ERROR] Failed to load resource: net::ERR_CONNECTION_REFUSED @ http://localhost:4323/favicon.ico:0
[  475411ms] [ERROR] Failed to load resource: net::ERR_CONNECTION_REFUSED @ http://localhost:4323/@fs/C:/Users/nachocepa/RicardoCobo/RicardoCobo/src/assets/RicardoFront2.jpg?origWidth=683&origHeight=1024&origFormat=jpg:0
[  475411ms] [ERROR] %cAstro background: linear-gradient(66.77deg, #D83333 0%, #F041FF 100%); color: white; padding-inline: 4px; border-radius: 2px; font-family: monospace; Error while running audit's match function: TypeError: Failed to fetch @ http://localhost:4323/node_modules/.vite/deps/chunk-LEX3GG7N.js?v=f88a3a46:22
[  477613ms] [ERROR] Failed to load resource: net::ERR_CONNECTION_REFUSED @ http://localhost:4323/@fs/C:/Users/nachocepa/RicardoCobo/RicardoCobo/src/assets/RicardoFront2.jpg?origWidth=683&origHeight=1024&origFormat=jpg:0
[  477613ms] [ERROR] %cAstro background: linear-gradient(66.77deg, #D83333 0%, #F041FF 100%); color: white; padding-inline: 4px; border-radius: 2px; font-family: monospace; Error while running audit's match function: TypeError: Failed to fetch @ http://localhost:4323/node_modules/.vite/deps/chunk-LEX3GG7N.js?v=f88a3a46:22
[  477913ms] [ERROR] Failed to load resource: net::ERR_CONNECTION_REFUSED @ http://localhost:4323/@fs/C:/Users/nachocepa/RicardoCobo/RicardoCobo/src/assets/RicardoWorkingOut.jpg?origWidth=683&origHeight=1024&origFormat=jpg:0
[  477913ms] [ERROR] %cAstro background: linear-gradient(66.77deg, #D83333 0%, #F041FF 100%); color: white; padding-inline: 4px; border-radius: 2px; font-family: monospace; Error while running audit's match function: TypeError: Failed to fetch @ http://localhost:4323/node_modules/.vite/deps/chunk-LEX3GG7N.js?v=f88a3a46:22
[  479953ms] [ERROR] Failed to load resource: net::ERR_CONNECTION_REFUSED @ http://localhost:4323/@fs/C:/Users/nachocepa/RicardoCobo/RicardoCobo/src/assets/RicardoFront2.jpg?origWidth=683&origHeight=1024&origFormat=jpg:0
[  479953ms] [ERROR] %cAstro background: linear-gradient(66.77deg, #D83333 0%, #F041FF 100%); color: white; padding-inline: 4px; border-radius: 2px; font-family: monospace; Error while running audit's match function: TypeError: Failed to fetch @ http://localhost:4323/node_modules/.vite/deps/chunk-LEX3GG7N.js?v=f88a3a46:22
[  480275ms] [ERROR] Failed to load resource: net::ERR_CONNECTION_REFUSED @ http://localhost:4323/@fs/C:/Users/nachocepa/RicardoCobo/RicardoCobo/src/assets/imgLogoRCFondoAzul.png?origWidth=83&origHeight=62&origFormat=png:0
[  480275ms] [ERROR] %cAstro background: linear-gradient(66.77deg, #D83333 0%, #F041FF 100%); color: white; padding-inline: 4px; border-radius: 2px; font-family: monospace; Error while running audit's match function: TypeError: Failed to fetch @ http://localhost:4323/node_modules/.vite/deps/chunk-LEX3GG7N.js?v=f88a3a46:22
[  480276ms] [ERROR] [vite] TypeError: Cannot read properties of undefined (reading 'send')
    at Object.send (http://localhost:4323/@vite/client:449:7)
    at Object.send (http://localhost:4323/@vite/client:1514:16)
    at Object.send (http://localhost:4323/@vite/client:318:23)
    at Object.send (http://localhost:4323/@vite/client:396:30)
    at HMRClient.send (http://localhost:4323/@vite/client:157:18)
    at HMRContext.send (http://localhost:4323/@vite/client:119:18)
    at AstroDevToolbar.initApp (http://localhost:4323/node_modules/.vite/deps/toolbar-2H5PSQQU.js?v=f88a3a46:355:25) @ http://localhost:4323/@vite/client:1542
